Missing keys for loading model: []
Unexpected keys for loading model: []
Loaded PE large with embed_dim=1024, patch_size=14, extracted layers=[5, 12, 18, 24]
Starting training for PE, epochs: 10, batch size: 16, learning rate: 0.001
Test loss: 0.0402,   Test mIoU global: 0.8075

Epoch 1
-------------------------------
Train loss: 0.0922, mIoU: 0.5911
Dev loss: 0.0625,  mIoU: 0.7107
New best model saved at epoch 1 with dev mIoU: 0.7107

Epoch 2
-------------------------------
Train loss: 0.0525, mIoU: 0.7457
Dev loss: 0.1126,  mIoU: 0.6427

Epoch 3
-------------------------------
Train loss: 0.0424, mIoU: 0.7907
Dev loss: 0.0597,  mIoU: 0.7430
New best model saved at epoch 3 with dev mIoU: 0.7430

Epoch 4
-------------------------------
Train loss: 0.0374, mIoU: 0.8131
Dev loss: 0.0419,  mIoU: 0.7955
New best model saved at epoch 4 with dev mIoU: 0.7955

Epoch 5
-------------------------------
Train loss: 0.0345, mIoU: 0.8261
Dev loss: 0.0698,  mIoU: 0.7080

Epoch 6
-------------------------------
Train loss: 0.0324, mIoU: 0.8355
Dev loss: 0.0463,  mIoU: 0.8036
New best model saved at epoch 6 with dev mIoU: 0.8036

Epoch 7
-------------------------------
Train loss: 0.0309, mIoU: 0.8424
Dev loss: 0.0436,  mIoU: 0.7941

Epoch 8
-------------------------------
Train loss: 0.0296, mIoU: 0.8483
Dev loss: 0.0533,  mIoU: 0.7707

Epoch 9
-------------------------------
Train loss: 0.0285, mIoU: 0.8530
Dev loss: 0.0409,  mIoU: 0.8068
New best model saved at epoch 9 with dev mIoU: 0.8068

Epoch 10
-------------------------------
Train loss: 0.0276, mIoU: 0.8571
Dev loss: 0.0600,  mIoU: 0.7730


