Loaded SIGLIP2 base with embed_dim=768, patch_size=16, extracted layers=[3, 6, 9, 12]
Starting training for SIGLIP2, epochs: 10, batch size: 16, learning rate: 0.001
Test loss: 0.0268,   Test mIoU: 0.8602

Epoch 1
-------------------------------
Train loss: 0.0794, mIoU: 0.6400
Dev loss: 0.0516,  mIoU: 0.7522
New best model saved at epoch 1 with dev mIoU: 0.7522

Epoch 2
-------------------------------
Train loss: 0.0472, mIoU: 0.7687
Dev loss: 0.0436,  mIoU: 0.7858
New best model saved at epoch 2 with dev mIoU: 0.7858

Epoch 3
-------------------------------
Train loss: 0.0390, mIoU: 0.8053
Dev loss: 0.0366,  mIoU: 0.8162
New best model saved at epoch 3 with dev mIoU: 0.8162

Epoch 4
-------------------------------
Train loss: 0.0335, mIoU: 0.8300
Dev loss: 0.0325,  mIoU: 0.8367
New best model saved at epoch 4 with dev mIoU: 0.8367

Epoch 5
-------------------------------
Train loss: 0.0309, mIoU: 0.8421
Dev loss: 0.0314,  mIoU: 0.8409
New best model saved at epoch 5 with dev mIoU: 0.8409

Epoch 6
-------------------------------
Train loss: 0.0291, mIoU: 0.8503
Dev loss: 0.0321,  mIoU: 0.8380

Epoch 7
-------------------------------
Train loss: 0.0277, mIoU: 0.8565
Dev loss: 0.0313,  mIoU: 0.8413
New best model saved at epoch 7 with dev mIoU: 0.8413

Epoch 8
-------------------------------
Train loss: 0.0267, mIoU: 0.8610
Dev loss: 0.0307,  mIoU: 0.8447
New best model saved at epoch 8 with dev mIoU: 0.8447

Epoch 9
-------------------------------
Train loss: 0.0258, mIoU: 0.8650
Dev loss: 0.0282,  mIoU: 0.8551
New best model saved at epoch 9 with dev mIoU: 0.8551

Epoch 10
-------------------------------
Train loss: 0.0251, mIoU: 0.8684
Dev loss: 0.0274,  mIoU: 0.8592
New best model saved at epoch 10 with dev mIoU: 0.8592
