Loaded CLIP base with embed_dim=768, patch_size=32, extracted layers=[3, 6, 9, 12]
Starting training for CLIP, epochs: 10, batch size: 16, learning rate: 0.001
Test loss: 0.0325,   Test mIoU: 0.8354

mIoU per number of objects:
  3 objects: 0.8646
  4 objects: 0.8583
  5 objects: 0.8517
  6 objects: 0.8458
  7 objects: 0.8384
  8 objects: 0.8309
  9 objects: 0.8232
  10 objects: 0.8122
  
Epoch 1
-------------------------------
Train loss: 0.0975, mIoU: 0.5678
Dev loss: 0.0639,  mIoU: 0.6986
New best model saved at epoch 1 with dev mIoU: 0.6986

Epoch 2
-------------------------------
Train loss: 0.0570, mIoU: 0.7270
Dev loss: 0.0550,  mIoU: 0.7406
New best model saved at epoch 2 with dev mIoU: 0.7406

Epoch 3
-------------------------------
Train loss: 0.0462, mIoU: 0.7736
Dev loss: 0.0437,  mIoU: 0.7878
New best model saved at epoch 3 with dev mIoU: 0.7878

Epoch 4
-------------------------------
Train loss: 0.0400, mIoU: 0.8015
Dev loss: 0.0412,  mIoU: 0.7972
New best model saved at epoch 4 with dev mIoU: 0.7972

Epoch 5
-------------------------------
Train loss: 0.0363, mIoU: 0.8179
Dev loss: 0.0402,  mIoU: 0.8031
New best model saved at epoch 5 with dev mIoU: 0.8031

Epoch 6
-------------------------------
Train loss: 0.0339, mIoU: 0.8284
Dev loss: 0.0378,  mIoU: 0.8136
New best model saved at epoch 6 with dev mIoU: 0.8136

Epoch 7
-------------------------------
Train loss: 0.0320, mIoU: 0.8369
Dev loss: 0.0354,  mIoU: 0.8239
New best model saved at epoch 7 with dev mIoU: 0.8239

Epoch 8
-------------------------------
Train loss: 0.0305, mIoU: 0.8435
Dev loss: 0.0343,  mIoU: 0.8288
New best model saved at epoch 8 with dev mIoU: 0.8288

Epoch 9
-------------------------------
Train loss: 0.0293, mIoU: 0.8488
Dev loss: 0.0333,  mIoU: 0.8340
New best model saved at epoch 9 with dev mIoU: 0.8340

Epoch 10
-------------------------------
Train loss: 0.0284, mIoU: 0.8530
Dev loss: 0.0335,  mIoU: 0.8336

