Loaded DINOV2 large with embed_dim=1024, patch_size=14, extracted layers=[5, 12, 18, 24]
Starting training for DINOV2, epochs: 10, batch size: 16, learning rate: 0.001
Test loss: 0.0261,   Test mIoU: 0.8629

Epoch 1
-------------------------------
Train loss: 0.0816, mIoU: 0.6304
Dev loss: 0.0509,  mIoU: 0.7549
New best model saved at epoch 1 with dev mIoU: 0.7549

Epoch 2
-------------------------------
Train loss: 0.0445, mIoU: 0.7809
Dev loss: 0.0398,  mIoU: 0.8030
New best model saved at epoch 2 with dev mIoU: 0.8030

Epoch 3
-------------------------------
Train loss: 0.0367, mIoU: 0.8160
Dev loss: 0.0370,  mIoU: 0.8151
New best model saved at epoch 3 with dev mIoU: 0.8151

Epoch 4
-------------------------------
Train loss: 0.0327, mIoU: 0.8341
Dev loss: 0.0317,  mIoU: 0.8389
New best model saved at epoch 4 with dev mIoU: 0.8389

Epoch 5
-------------------------------
Train loss: 0.0302, mIoU: 0.8451
Dev loss: 0.0318,  mIoU: 0.8378

Epoch 6
-------------------------------
Train loss: 0.0285, mIoU: 0.8530
Dev loss: 0.0291,  mIoU: 0.8514
New best model saved at epoch 6 with dev mIoU: 0.8514

Epoch 7
-------------------------------
Train loss: 0.0272, mIoU: 0.8589
Dev loss: 0.0294,  mIoU: 0.8492

Epoch 8
-------------------------------
Train loss: 0.0261, mIoU: 0.8638
Dev loss: 0.0297,  mIoU: 0.8486

Epoch 9
-------------------------------
Train loss: 0.0253, mIoU: 0.8675
Dev loss: 0.0267,  mIoU: 0.8616
New best model saved at epoch 9 with dev mIoU: 0.8616

Epoch 10
-------------------------------
Train loss: 0.0245, mIoU: 0.8712
Dev loss: 0.0279,  mIoU: 0.8571


