Loaded DINOV2 base with embed_dim=768, patch_size=14, extracted layers=[3, 6, 9, 12]
Starting training for DINOV2, epochs: 10, batch size: 16, learning rate: 0.001
Test loss: 0.0270,   Test mIoU: 0.8592

mIoU per number of objects:
  3 objects: 0.8749
  4 objects: 0.8718
  5 objects: 0.8684
  6 objects: 0.8647
  7 objects: 0.8613
  8 objects: 0.8556
  9 objects: 0.8511
  10 objects: 0.8438

  
Epoch 1
-------------------------------
Train loss: 0.0854, mIoU: 0.6174
Dev loss: 0.0558,  mIoU: 0.7330
New best model saved at epoch 1 with dev mIoU: 0.7330

Epoch 2
-------------------------------
Train loss: 0.0466, mIoU: 0.7718
Dev loss: 0.0410,  mIoU: 0.7976
New best model saved at epoch 2 with dev mIoU: 0.7976

Epoch 3
-------------------------------
Train loss: 0.0380, mIoU: 0.8102
Dev loss: 0.0364,  mIoU: 0.8180
New best model saved at epoch 3 with dev mIoU: 0.8180

Epoch 4
-------------------------------
Train loss: 0.0338, mIoU: 0.8290
Dev loss: 0.0337,  mIoU: 0.8310
New best model saved at epoch 4 with dev mIoU: 0.8310

Epoch 5
-------------------------------
Train loss: 0.0313, mIoU: 0.8402
Dev loss: 0.0318,  mIoU: 0.8392
New best model saved at epoch 5 with dev mIoU: 0.8392

Epoch 6
-------------------------------
Train loss: 0.0295, mIoU: 0.8485
Dev loss: 0.0357,  mIoU: 0.8234

Epoch 7
-------------------------------
Train loss: 0.0281, mIoU: 0.8546
Dev loss: 0.0323,  mIoU: 0.8373

Epoch 8
-------------------------------
Train loss: 0.0269, mIoU: 0.8600
Dev loss: 0.0292,  mIoU: 0.8500
New best model saved at epoch 8 with dev mIoU: 0.8500

Epoch 9
-------------------------------
Train loss: 0.0260, mIoU: 0.8641
Dev loss: 0.0280,  mIoU: 0.8555
New best model saved at epoch 9 with dev mIoU: 0.8555

Epoch 10
-------------------------------
Train loss: 0.0252, mIoU: 0.8678
Dev loss: 0.0276,  mIoU: 0.8580
New best model saved at epoch 10 with dev mIoU: 0.8580

