Loaded MAE base with embed_dim=768, patch_size=16, extracted layers=[3, 6, 9, 12]
Starting training for MAE, epochs: 10, batch size: 16, learning rate: 0.001
Test loss: 0.0286,   Test mIoU: 0.8519

Epoch 1
-------------------------------
Train loss: 0.0829, mIoU: 0.6257
Dev loss: 0.0589,  mIoU: 0.7205
New best model saved at epoch 1 with dev mIoU: 0.7205

Epoch 2
-------------------------------
Train loss: 0.0492, mIoU: 0.7601
Dev loss: 0.0464,  mIoU: 0.7761
New best model saved at epoch 2 with dev mIoU: 0.7761

Epoch 3
-------------------------------
Train loss: 0.0401, mIoU: 0.8009
Dev loss: 0.0418,  mIoU: 0.7952
New best model saved at epoch 3 with dev mIoU: 0.7952

Epoch 4
-------------------------------
Train loss: 0.0353, mIoU: 0.8223
Dev loss: 0.0378,  mIoU: 0.8128
New best model saved at epoch 4 with dev mIoU: 0.8128

Epoch 5
-------------------------------
Train loss: 0.0325, mIoU: 0.8349
Dev loss: 0.0337,  mIoU: 0.8314
New best model saved at epoch 5 with dev mIoU: 0.8314

Epoch 6
-------------------------------
Train loss: 0.0306, mIoU: 0.8432
Dev loss: 0.0347,  mIoU: 0.8266

Epoch 7
-------------------------------
Train loss: 0.0291, mIoU: 0.8500
Dev loss: 0.0310,  mIoU: 0.8427
New best model saved at epoch 7 with dev mIoU: 0.8427

Epoch 8
-------------------------------
Train loss: 0.0281, mIoU: 0.8549
Dev loss: 0.0297,  mIoU: 0.8486
New best model saved at epoch 8 with dev mIoU: 0.8486

Epoch 9
-------------------------------
Train loss: 0.0271, mIoU: 0.8592
Dev loss: 0.0293,  mIoU: 0.8506
New best model saved at epoch 9 with dev mIoU: 0.8506

Epoch 10
-------------------------------
Train loss: 0.0263, mIoU: 0.8629
Dev loss: 0.0307,  mIoU: 0.8456


