Missing keys for loading model: []
Unexpected keys for loading model: []
Loaded PE base with embed_dim=768, patch_size=16, extracted layers=[3, 6, 9, 12]
Starting training for PE, epochs: 10, batch size: 16, learning rate: 0.001
Test loss: 0.0319,   Test mIoU: 0.8388

Epoch 1
-------------------------------
Train loss: 0.0932, mIoU: 0.5862
Dev loss: 0.0761,  mIoU: 0.6499
New best model saved at epoch 1 with dev mIoU: 0.6499

Epoch 2
-------------------------------
Train loss: 0.0549, mIoU: 0.7350
Dev loss: 0.0640,  mIoU: 0.7161
New best model saved at epoch 2 with dev mIoU: 0.7161

Epoch 3
-------------------------------
Train loss: 0.0463, mIoU: 0.7725
Dev loss: 0.0534,  mIoU: 0.7440
New best model saved at epoch 3 with dev mIoU: 0.7440

Epoch 4
-------------------------------
Train loss: 0.0400, mIoU: 0.8011
Dev loss: 0.1238,  mIoU: 0.5852

Epoch 5
-------------------------------
Train loss: 0.0362, mIoU: 0.8183
Dev loss: 0.0586,  mIoU: 0.7313

Epoch 6
-------------------------------
Train loss: 0.0339, mIoU: 0.8287
Dev loss: 0.0361,  mIoU: 0.8194
New best model saved at epoch 6 with dev mIoU: 0.8194

Epoch 7
-------------------------------
Train loss: 0.0320, mIoU: 0.8373
Dev loss: 0.0701,  mIoU: 0.7290

Epoch 8
-------------------------------
Train loss: 0.0306, mIoU: 0.8434
Dev loss: 0.0425,  mIoU: 0.8040

Epoch 9
-------------------------------
Train loss: 0.0294, mIoU: 0.8489
Dev loss: 0.0325,  mIoU: 0.8381
New best model saved at epoch 9 with dev mIoU: 0.8381

Epoch 10
-------------------------------
Train loss: 0.0284, mIoU: 0.8532
Dev loss: 0.0456,  mIoU: 0.7991


